                              NAM     UNIVKORT
                              OPT     M08
                      *
                      * PROGRAMEXEMPEL FÖR SPECIALKORTET
                      * TILL RT:S DATORSERIE
                      *
                      * AV ÅKE HOLM 790215
                      *
 8030                 PTM     EQU     $8030   ADRESS FÖR MC6840
                      *
                      * RAMCELLER FÖR DATALAGRING
                      *
                              ORG     $0000
 0000                 NOT     RMB     2       TEMPORÄR BUFFERT FÖR NOT
 0002                 PNOT    RMB     2       NOT MED OFFSET
 0004                 PTIMER  RMB     2       ADRESS TILL REGISTER
 0006                 TAKT    RMB     1
 0007                 TOP     RMB     1
                      *
 0340                 TEMPO   EQU     $340
                      *
                              ORG     $0100
                      *
 0100 8682                    LDA     #$82    TIMER OUTPUT ENABLE
 0102 B78030                  STA     PTM     KONTROLLREG 3
 0105 C683                    LDB     #$83
 0107 F78031                  STAB    PTM+1   KONTROLLREG 2
 010A B78030                  STA     PTM     KONTROLLREG 1
                      *
                      * MUSIKPROGRAM
                      *
 010D CE0022          MUSIK   LDX     #VALS
 0110 8D08                    BSR     SPELA
 0112 CE00FF          MERA    LDX     #$FF
 0115 09              DELAY   DEX             GÖR EN PAUS
 0116 26FD                    BNE     DELAY
 0118 20F3                    BRA     MUSIK
                      *
 011A DF00            SPELA   STX     NOT
 011C CE8032          NYTON   LDX     #PTM+2
 011F DF04            PTMREG  STX     PTIMER
 0121 DE00            NESTA   LDX     NOT     HÄMTA NÄSTA NOT
 0123 A600                    LDA     0,X     TILL A-ACKUM
 0125 2601                    BNE     MSTOP   OM A=00 ÄR DET SLUT
 0127 39                      RTS
                      *
 0128 08              MSTOP   INX             FÖRBERED NÄSTA TON
 0129 DF00                    STX     NOT     OCH LAGRA I "NOT"
 012B 16                      TAB             SPARA BYTEN I B-ACK
 012C C00D                    SUBB    #$0D    TESTA OM TAKTDATA
 012E C50F                    BITB    #$0F    (LÅGA HALVAN =D)
 0130 2604                    BNE     NOTER
                      *
                      * XO=KOD FÖR TAKTEN
                      * X= 1-F
                      *
 0132 D706                    STAB    TAKT    SPARA TAKTEN
 0134 20EB                    BRA     NESTA
                      *
 0136 36              NOTER   PSHA            SPARA NOTEN
 0137 16                      TAB
 0138 840F                    ANDA    #$0F    NOTDELEN INOM OKTAVEN
 013A 48                      ASLA            OMVANDLA NOTEN TILL EN
 013B 8B08                    ADDA    #SKALA  DIVISOR FÖR TIMERN
 013D 9703                    STA     PNOT+1  LSB-HALVAN
 013F 4F                      CLRA
 0140 8900                    ADCA    #0      ADDERA MED CARRYFLAGGAN
 0142 9702                    STA     PNOT
 0144 DE02                    LDX     PNOT
 0146 A600                    LDA     0,X     PEKA PÅ DIVISORN
 0148 9707                    STA     TOP     SPARA DIVISORN FÖR
 014A A601                    LDA     1,X     TOPPOKTAVEN
 014C 58                      ASLB
                      *
                      * MILTIPLICERA DIVISORN FÖR VARJE LÄGRE OKTAV
                      *
 014D C0E0            MULTI   SUBB    #$E0    MASKA UT OKTAVNUMRET
 014F 2406                    BCC     MULTI0
 0151 49                      ROLA            MED CARRYBITEN=1
 0152 790007                  ROL     TOP
 0155 20F6                    BRA     MULTI
                      *
 0157 4A              MULTI0  DECA            FÖR DIVISION MED N+1
 0158 DE04                    LDX     PTIMER  HÄMTA ADR TILL TIMERREG.
 015A D607                    LDB     TOP     HÄMTA MSB-DIVISORN
 015C E700                    STAB    0,X     OCH LÄGG UT TILL TIMERN
 015E A701                    STA     1,X     LÄGG UT LSB-DIV. TILLTIMERN
 0160 08                      INX
 0161 08                      INX
 0162 32                      PULA            HÄMTA TILLBAKA NOTEN
 0163 4D                      TSTA            TESTA OM HÖGSTA BITEN ÄR 1
 0164 2AB9                    BPL     PTMREG  OM DEN ÄR 0 ÅTERGÅ
                      *
                      * OM HÖGSTA BITEN ÄR=1 SKALL TON(ERNA) UT
                      * UNDER TAKTTIDEN
                      *
 0166 9606            TONUT   LDA     TAKT    HÄMTA TAKTVÄRDET
 0168 CE0340          TONUT2  LDX     #TEMPO
 016B 09              TONUT3  DEX             VÄNTLOOP
 016C 4A                      DECA
 016D 26FC                    BNE     TONUT3
 016F 4A                      DECA
 0170 26F6                    BNE     TONUT2  VÄNTA UT TAKTVÄRDET
 0172 20A8                    BRA     NYTON   ÅTERGÅ OCH HÄMTA NÄSTA
                      *
                      * TEMPERERAD 12-TONSSKALA
                      * SIFFRORNA GÄLLER FÖR EN KLOCKFREKVENS
                      * AV 614,4 KHZ. FÖR 1,000 MHZ GÄLLER
                      * DE VÄRDENA SOM STÅR INOM PARENTES
                      *
                              ORG     0008
 0008 00000115010600  SKALA   FDB     0,277,262,247 (0,451,426,402)
 000F F7
 0010 00E900DC00D0            FDB     233,220,208 (379,358,338)
 0016 00C400B900AF            FDB     196,185,175 (319,301,284)
 001C 00A5009B0093            FDB     165,155,147 (268,253,239)
                      *
                      * VALSNOTER AV MOZART
                      *
 0022 20724AE0EA65F0  VALS    FCB     $20,$72,$4A,$E0,$EA,$65,$F0
 0029 724AE0EA65E0            FCB     $72,$4A,$E0,$EA,$65,$E0
 002F 1D6C55C9F2F3EC          FCB     $1D,$6C,$55,$C9,$F2,$F3,$EC,$6A,$C5,$E9
 0036 6AC5E9
 0039 6A52CAE9EAF22D          FCB     $6A,$52,$CA,$E9,$EA,$F2,$2D,$65,$60,$E0
 0040 6560E0
 0043 74CA1DF7F46CE0          FCB     $74,$CA,$1D,$F7,$F4,$6C,$E0,$F4
 004A F4
 004B 754CCCF4754CCC          FCB     $75,$4C,$CC,$F4,$75,$4C,$CC,$F9,$2D,$6C,$4
C,$CC
 0052 F92D6C4CCC
 0057 1D724AE0EA69CC          FCB     $1D,$72,$4A,$E0,$EA,$69,$CC,$E7,$65,$BC,$E
4
 005E E765BCE4
 0062 2D4575E91DD5D4          FCB     $2D,$45,$75,$E9,$1D,$D5,$D4,$52,$60,$E0,$C
C,0
 0069 5260E0CC00
                      *
                              END     ,START

SYMBOL TABLE
     DELAY 02 0115      MERA 02 0112     MSTOP 02 0128     MULTI 02 014D
    MULTI0 02 0157     MUSIK 02 010D     NESTA 02 0121       NOT 02 0000
     NOTER 02 0136     NYTON 02 011C      PNOT 02 0002    PTIMER 02 0004
       PTM 00 8030    PTMREG 02 011F     SKALA 02 0008     SPELA 02 011A
      TAKT 02 0006     TEMPO 00 0340     TONUT 02 0166    TONUT2 02 0168
    TONUT3 02 016B       TOP 02 0007      VALS 02 0022
23 SYMBOLS

0 error(s), 0 warning(s)
